; ModuleID = 'aria_module'
source_filename = "aria_module"

%result_int64 = type { i8, i64 }
%result_int8 = type { i8, i8 }

declare void @puts(ptr)

declare void @print(ptr)

define internal void @__aria_module_init() {
entry:
  ret void
}

define internal %result_int64 @double(i64 %x) {
entry:
  %x1 = alloca i64, align 8
  store i64 %x, ptr %x1, align 4
  %0 = load i64, ptr %x1, align 4
  %multmp = mul i64 %0, 2
  %auto_wrap_result = alloca %result_int64, align 8
  %err_ptr = getelementptr inbounds %result_int64, ptr %auto_wrap_result, i32 0, i32 0
  store i8 0, ptr %err_ptr, align 1
  %val_ptr = getelementptr inbounds %result_int64, ptr %auto_wrap_result, i32 0, i32 1
  store i64 %multmp, ptr %val_ptr, align 4
  %result_val = load %result_int64, ptr %auto_wrap_result, align 4
  ret %result_int64 %result_val
}

define internal %result_int64 @square(i64 %x) {
entry:
  %x1 = alloca i64, align 8
  store i64 %x, ptr %x1, align 4
  %0 = load i64, ptr %x1, align 4
  %1 = load i64, ptr %x1, align 4
  %multmp = mul i64 %0, %1
  %auto_wrap_result = alloca %result_int64, align 8
  %err_ptr = getelementptr inbounds %result_int64, ptr %auto_wrap_result, i32 0, i32 0
  store i8 0, ptr %err_ptr, align 1
  %val_ptr = getelementptr inbounds %result_int64, ptr %auto_wrap_result, i32 0, i32 1
  store i64 %multmp, ptr %val_ptr, align 4
  %result_val = load %result_int64, ptr %auto_wrap_result, align 4
  ret %result_int64 %result_val
}

define internal %result_int64 @combine(i64 %x) {
entry:
  %r2 = alloca %result_int64, align 8
  %r1 = alloca %result_int64, align 8
  %x1 = alloca i64, align 8
  store i64 %x, ptr %x1, align 4
  %0 = load i64, ptr %x1, align 4
  %calltmp = call %result_int64 @double(i64 %0)
  store %result_int64 %calltmp, ptr %r1, align 4
  %1 = load %result_int64, ptr %r1, align 4
  %temp = alloca %result_int64, align 8
  store %result_int64 %1, ptr %temp, align 4
  %val_ptr = getelementptr inbounds %result_int64, ptr %temp, i32 0, i32 1
  %val = load i64, ptr %val_ptr, align 4
  %calltmp2 = call %result_int64 @square(i64 %val)
  store %result_int64 %calltmp2, ptr %r2, align 4
  %2 = load %result_int64, ptr %r2, align 4
  %temp3 = alloca %result_int64, align 8
  store %result_int64 %2, ptr %temp3, align 4
  %val_ptr4 = getelementptr inbounds %result_int64, ptr %temp3, i32 0, i32 1
  %val5 = load i64, ptr %val_ptr4, align 4
  %auto_wrap_result = alloca %result_int64, align 8
  %err_ptr = getelementptr inbounds %result_int64, ptr %auto_wrap_result, i32 0, i32 0
  store i8 0, ptr %err_ptr, align 1
  %val_ptr6 = getelementptr inbounds %result_int64, ptr %auto_wrap_result, i32 0, i32 1
  store i64 %val5, ptr %val_ptr6, align 4
  %result_val = load %result_int64, ptr %auto_wrap_result, align 4
  ret %result_int64 %result_val
}

define internal %result_int8 @__user_main() {
entry:
  %r = alloca %result_int64, align 8
  %calltmp = call %result_int64 @combine(i64 5)
  store %result_int64 %calltmp, ptr %r, align 4
  %auto_wrap_result = alloca %result_int8, align 8
  %err_ptr = getelementptr inbounds %result_int8, ptr %auto_wrap_result, i32 0, i32 0
  store i8 0, ptr %err_ptr, align 1
  %val_ptr = getelementptr inbounds %result_int8, ptr %auto_wrap_result, i32 0, i32 1
  store i8 0, ptr %val_ptr, align 1
  %result_val = load %result_int8, ptr %auto_wrap_result, align 1
  ret %result_int8 %result_val
}

define i64 @main() {
entry:
  call void @__aria_module_init()
  %0 = call %result_int8 @__user_main()
  ret i64 0
}
